<?xml version="1.0" encoding="UTF-8"?>
<testsuite xmlns:xsi="http://www.w3.org/2001/XMLSchema-instance" xsi:noNamespaceSchemaLocation="https://maven.apache.org/surefire/maven-surefire-plugin/xsd/surefire-test-report-3.0.xsd" version="3.0" name="produto.TestRepositorioProdutos" time="0.3" tests="5" errors="0" skipped="0" failures="0">
  <properties>
    <property name="java.specification.version" value="17"/>
    <property name="sun.jnu.encoding" value="UTF-8"/>
    <property name="java.class.path" value="/home/cristian.silva/Downloads/RoteirosLEDA/RR1-02-Roteiro-Revisao-Arrays-Interfaces-environment/target/test-classes:/home/cristian.silva/Downloads/RoteirosLEDA/RR1-02-Roteiro-Revisao-Arrays-Interfaces-environment/target/classes:/home/cristian.silva/.m2/repository/junit/junit/4.13.1/junit-4.13.1.jar:/home/cristian.silva/.m2/repository/org/hamcrest/hamcrest-core/1.3/hamcrest-core-1.3.jar:"/>
    <property name="java.vm.vendor" value="Private Build"/>
    <property name="sun.arch.data.model" value="64"/>
    <property name="java.vendor.url" value="Unknown"/>
    <property name="os.name" value="Linux"/>
    <property name="java.vm.specification.version" value="17"/>
    <property name="sun.java.launcher" value="SUN_STANDARD"/>
    <property name="user.country" value="BR"/>
    <property name="sun.boot.library.path" value="/usr/lib/jvm/java-17-openjdk-amd64/lib"/>
    <property name="sun.java.command" value="/home/cristian.silva/Downloads/RoteirosLEDA/RR1-02-Roteiro-Revisao-Arrays-Interfaces-environment/target/surefire/surefirebooter-20230322094338730_3.jar /home/cristian.silva/Downloads/RoteirosLEDA/RR1-02-Roteiro-Revisao-Arrays-Interfaces-environment/target/surefire 2023-03-22T09-43-37_175-jvmRun1 surefire-20230322094338730_1tmp surefire_0-20230322094338730_2tmp"/>
    <property name="jdk.debug" value="release"/>
    <property name="surefire.test.class.path" value="/home/cristian.silva/Downloads/RoteirosLEDA/RR1-02-Roteiro-Revisao-Arrays-Interfaces-environment/target/test-classes:/home/cristian.silva/Downloads/RoteirosLEDA/RR1-02-Roteiro-Revisao-Arrays-Interfaces-environment/target/classes:/home/cristian.silva/.m2/repository/junit/junit/4.13.1/junit-4.13.1.jar:/home/cristian.silva/.m2/repository/org/hamcrest/hamcrest-core/1.3/hamcrest-core-1.3.jar:"/>
    <property name="sun.cpu.endian" value="little"/>
    <property name="user.home" value="/home/cristian.silva"/>
    <property name="user.language" value="pt"/>
    <property name="java.specification.vendor" value="Oracle Corporation"/>
    <property name="java.version.date" value="2022-07-19"/>
    <property name="java.home" value="/usr/lib/jvm/java-17-openjdk-amd64"/>
    <property name="file.separator" value="/"/>
    <property name="basedir" value="/home/cristian.silva/Downloads/RoteirosLEDA/RR1-02-Roteiro-Revisao-Arrays-Interfaces-environment"/>
    <property name="java.vm.compressedOopsMode" value="32-bit"/>
    <property name="line.separator" value="&#10;"/>
    <property name="java.vm.specification.vendor" value="Oracle Corporation"/>
    <property name="java.specification.name" value="Java Platform API Specification"/>
    <property name="surefire.real.class.path" value="/home/cristian.silva/Downloads/RoteirosLEDA/RR1-02-Roteiro-Revisao-Arrays-Interfaces-environment/target/surefire/surefirebooter-20230322094338730_3.jar"/>
    <property name="sun.management.compiler" value="HotSpot 64-Bit Tiered Compilers"/>
    <property name="java.runtime.version" value="17.0.4+8-Ubuntu-120.04"/>
    <property name="user.name" value="cristian.silva"/>
    <property name="path.separator" value=":"/>
    <property name="os.version" value="5.4.0-125-generic"/>
    <property name="java.runtime.name" value="OpenJDK Runtime Environment"/>
    <property name="file.encoding" value="UTF-8"/>
    <property name="java.vm.name" value="OpenJDK 64-Bit Server VM"/>
    <property name="localRepository" value="/home/cristian.silva/.m2/repository"/>
    <property name="java.vendor.url.bug" value="Unknown"/>
    <property name="java.io.tmpdir" value="/tmp"/>
    <property name="java.version" value="17.0.4"/>
    <property name="user.dir" value="/home/cristian.silva/Downloads/RoteirosLEDA/RR1-02-Roteiro-Revisao-Arrays-Interfaces-environment"/>
    <property name="os.arch" value="amd64"/>
    <property name="java.vm.specification.name" value="Java Virtual Machine Specification"/>
    <property name="native.encoding" value="UTF-8"/>
    <property name="java.library.path" value="/usr/java/packages/lib:/usr/lib/x86_64-linux-gnu/jni:/lib/x86_64-linux-gnu:/usr/lib/x86_64-linux-gnu:/usr/lib/jni:/lib:/usr/lib"/>
    <property name="java.vm.info" value="mixed mode, sharing"/>
    <property name="java.vendor" value="Private Build"/>
    <property name="java.vm.version" value="17.0.4+8-Ubuntu-120.04"/>
    <property name="sun.io.unicode.encoding" value="UnicodeLittle"/>
    <property name="java.class.version" value="61.0"/>
  </properties>
  <testcase name="testProcurar" classname="produto.TestRepositorioProdutos" time="0.017"/>
  <testcase name="testRemover" classname="produto.TestRepositorioProdutos" time="0.002"/>
  <testcase name="testAtualizar" classname="produto.TestRepositorioProdutos" time="0.002"/>
  <testcase name="testExiste" classname="produto.TestRepositorioProdutos" time="0.002"/>
  <testcase name="testInserir" classname="produto.TestRepositorioProdutos" time="0.006"/>
</testsuite>